<?xml version="1.0" encoding="UTF-8"?>
<!-- Generated by org.testng.reporters.JUnitXMLReporter -->
<testsuite ignored="2" hostname="BabuGNair" failures="0" tests="1" name="Test" time="50.642" errors="0" timestamp="2024-09-15T20:01:43 IST">
  <testcase classname="TestCase.TC001SigninTest" name="SignIn" time="41.722"/>
  <testcase classname="TestCase.TC002TripPlanner" name="VerifyRegPage" time="0.0">
    <ignored/>
  </testcase> <!-- VerifyRegPage -->
  <testcase classname="TestCase.TC003LoginDDT" name="verifyLoginDDT" time="0.0">
    <ignored/>
  </testcase> <!-- verifyLoginDDT -->
</testsuite> <!-- Test -->
