<?xml version="1.0" encoding="UTF-8"?>
<!-- Generated by org.testng.reporters.JUnitXMLReporter -->
<testsuite ignored="2" hostname="BabuGNair" failures="0" tests="1" name="Test" time="34.543" errors="0" timestamp="2024-09-12T23:24:50 IST">
  <testcase classname="TestCase.TC001SigninTest" name="SignIn" time="25.188"/>
  <testcase classname="TestCase.TC002TripPlanner" name="VerifyRegPage" time="0.0">
    <ignored/>
  </testcase> <!-- VerifyRegPage -->
  <testcase classname="TestCase.TC003LoginDDT" name="verifyLoginDDT" time="0.0">
    <ignored/>
  </testcase> <!-- verifyLoginDDT -->
</testsuite> <!-- Test -->
