<?xml version="1.0" encoding="UTF-8"?>
<!-- Generated by org.testng.reporters.JUnitXMLReporter -->
<testsuite ignored="2" hostname="BabuGNair" failures="0" tests="0" name="edgetest" time="198.612" errors="0" timestamp="2024-10-09T22:21:02 CEST">
  <testcase classname="TestCase.TC003LoginDDT" name="verifyLoginDDT" time="0.0">
    <ignored/>
  </testcase> <!-- verifyLoginDDT -->
  <testcase classname="TestCase.TC002TripPlanner" name="VerifyRegPage" time="0.0">
    <ignored/>
  </testcase> <!-- VerifyRegPage -->
</testsuite> <!-- edgetest -->
