<?xml version="1.0" encoding="UTF-8"?>
<testng-results ignored="0" total="2" passed="2" failed="0" skipped="0">
  <reporter-output>
  </reporter-output>
  <suite started-at="2024-10-10T00:04:40 CEST" name="Master Suite" finished-at="2024-10-10T00:05:54 CEST" duration-ms="73843">
    <groups>
      <group name="Master">
        <method signature="TC001SigninTest.SignIn()[pri:0, instance:TestCase.TC001SigninTest@5cc69cfe]" name="SignIn" class="TestCase.TC001SigninTest"/>
        <method signature="TC002TripPlanner.VerifyRegPage()[pri:0, instance:TestCase.TC002TripPlanner@7997b197]" name="VerifyRegPage" class="TestCase.TC002TripPlanner"/>
      </group> <!-- Master -->
      <group name="Sanity">
        <method signature="TC001SigninTest.SignIn()[pri:0, instance:TestCase.TC001SigninTest@5cc69cfe]" name="SignIn" class="TestCase.TC001SigninTest"/>
      </group> <!-- Sanity -->
      <group name="Regression">
        <method signature="TC002TripPlanner.VerifyRegPage()[pri:0, instance:TestCase.TC002TripPlanner@7997b197]" name="VerifyRegPage" class="TestCase.TC002TripPlanner"/>
      </group> <!-- Regression -->
    </groups>
    <test started-at="2024-10-10T00:04:40 CEST" name="Test" finished-at="2024-10-10T00:05:54 CEST" duration-ms="73843">
      <class name="TestCase.TC001SigninTest">
        <test-method is-config="true" signature="setUp(java.lang.String,java.lang.String)[pri:0, instance:TestCase.TC001SigninTest@5cc69cfe]" started-at="2024-10-10T00:04:41 CEST" name="setUp" finished-at="2024-10-10T00:04:48 CEST" duration-ms="7502" status="PASS">
          <params>
            <param index="0">
              <value>
                <![CDATA[Windows]]>
              </value>
            </param>
            <param index="1">
              <value>
                <![CDATA[chrome]]>
              </value>
            </param>
          </params>
          <reporter-output>
          </reporter-output>
        </test-method> <!-- setUp -->
        <test-method signature="SignIn()[pri:0, instance:TestCase.TC001SigninTest@5cc69cfe]" started-at="2024-10-10T00:04:48 CEST" name="SignIn" finished-at="2024-10-10T00:05:44 CEST" duration-ms="55523" status="PASS">
          <reporter-output>
          </reporter-output>
        </test-method> <!-- SignIn -->
        <test-method is-config="true" signature="teardown()[pri:0, instance:TestCase.TC001SigninTest@5cc69cfe]" started-at="2024-10-10T00:05:44 CEST" name="teardown" finished-at="2024-10-10T00:05:44 CEST" duration-ms="292" status="PASS">
          <reporter-output>
          </reporter-output>
        </test-method> <!-- teardown -->
      </class> <!-- TestCase.TC001SigninTest -->
      <class name="TestCase.TC002TripPlanner">
        <test-method is-config="true" signature="setUp(java.lang.String,java.lang.String)[pri:0, instance:TestCase.TC002TripPlanner@7997b197]" started-at="2024-10-10T00:05:44 CEST" name="setUp" finished-at="2024-10-10T00:05:51 CEST" duration-ms="6870" status="PASS">
          <params>
            <param index="0">
              <value>
                <![CDATA[Windows]]>
              </value>
            </param>
            <param index="1">
              <value>
                <![CDATA[chrome]]>
              </value>
            </param>
          </params>
          <reporter-output>
          </reporter-output>
        </test-method> <!-- setUp -->
        <test-method signature="VerifyRegPage()[pri:0, instance:TestCase.TC002TripPlanner@7997b197]" started-at="2024-10-10T00:05:51 CEST" name="VerifyRegPage" finished-at="2024-10-10T00:05:54 CEST" duration-ms="3023" status="PASS">
          <reporter-output>
          </reporter-output>
        </test-method> <!-- VerifyRegPage -->
        <test-method is-config="true" signature="teardown()[pri:0, instance:TestCase.TC002TripPlanner@7997b197]" started-at="2024-10-10T00:05:54 CEST" name="teardown" finished-at="2024-10-10T00:05:54 CEST" duration-ms="232" status="PASS">
          <reporter-output>
          </reporter-output>
        </test-method> <!-- teardown -->
      </class> <!-- TestCase.TC002TripPlanner -->
    </test> <!-- Test -->
  </suite> <!-- Master Suite -->
</testng-results>
